<?xml version="1.0" encoding="UTF-8"?>
<testsuite xmlns:xsi="http://www.w3.org/2001/XMLSchema-instance" xsi:noNamespaceSchemaLocation="https://maven.apache.org/surefire/maven-surefire-plugin/xsd/surefire-test-report.xsd" version="3.0.2" name="com.hospital.PatientControllerTest" time="7.918" tests="3" errors="0" skipped="0" failures="0">
  <properties>
[...]
</properties>
  <testcase name="testGetPatient" classname="com.hospital.PatientControllerTest" time="0.44">
    <system-out><![CDATA[16:39:47.581 [main] INFO org.springframework.test.context.support.AnnotationConfigContextLoaderUtils -- Could not detect default configuration classes for test class [com.hospital.PatientControllerTest]: PatientControllerTest does not declare any static, non-private, non-final, nested classes annotated with @Configuration.
16:39:47.897 [main] INFO org.springframework.boot.test.context.SpringBootTestContextBootstrapper -- Found @SpringBootConfiguration com.hospital.PatientServiceApplication for test class com.hospital.PatientControllerTest

  .   ____          _            __ _ _
 /\\ / ___'_ __ _ _(_)_ __  __ _ \ \ \ \
( ( )\___ | '_ | '_| | '_ \/ _` | \ \ \ \
 \\/  ___)| |_)| | | | | || (_| |  ) ) ) )
  '  |____| .__|_| |_|_| |_\__, | / / / /
 =========|_|==============|___/=/_/_/_/

 :: Spring Boot ::                (v3.5.0)

2026-06-29T16:39:50.371+08:00  INFO 37060 --- [patient-service] [           main] com.hospital.PatientControllerTest       : Starting PatientControllerTest using Java 17.0.18 with PID 37060 (started by liu in C:\Users\liu\cloud-medical\patient-service)
2026-06-29T16:39:50.375+08:00 DEBUG 37060 --- [patient-service] [           main] com.hospital.PatientControllerTest       : Running with Spring Boot v3.5.0, Spring v6.2.7
2026-06-29T16:39:50.378+08:00  INFO 37060 --- [patient-service] [           main] com.hospital.PatientControllerTest       : No active profile set, falling back to 1 default profile: "default"
2026-06-29T16:39:53.851+08:00  INFO 37060 --- [patient-service] [           main] o.s.v.b.OptionalValidatorFactoryBean     : Failed to set up a Bean Validation provider: jakarta.validation.NoProviderFoundException: Unable to create a Configuration, because no Jakarta Bean Validation provider could be found. Add a provider like Hibernate Validator (RI) to your classpath.
2026-06-29T16:39:54.551+08:00  INFO 37060 --- [patient-service] [           main] o.s.b.t.m.w.SpringBootMockServletContext : Initializing Spring TestDispatcherServlet ''
2026-06-29T16:39:54.552+08:00  INFO 37060 --- [patient-service] [           main] o.s.t.web.servlet.TestDispatcherServlet  : Initializing Servlet ''
2026-06-29T16:39:54.557+08:00  INFO 37060 --- [patient-service] [           main] o.s.t.web.servlet.TestDispatcherServlet  : Completed initialization in 2 ms
2026-06-29T16:39:54.637+08:00  INFO 37060 --- [patient-service] [           main] com.hospital.PatientControllerTest       : Started PatientControllerTest in 6.564 seconds (process running for 8.452)
✅ testGetPatient 通过
]]></system-out>
  </testcase>
  <testcase name="testAddPatient" classname="com.hospital.PatientControllerTest" time="0.068">
    <system-out><![CDATA[✅ testAddPatient 通过
]]></system-out>
  </testcase>
  <testcase name="testDeletePatient" classname="com.hospital.PatientControllerTest" time="0.013">
    <system-out><![CDATA[✅ testDeletePatient 通过
]]></system-out>
  </testcase>
</testsuite>